Reading netlist file: "C:\Users\32875\Desktop\FPGA\example\UART2others\impl\gwsynthesis\UART2others.vg"
Parsing netlist file "C:\Users\32875\Desktop\FPGA\example\UART2others\impl\gwsynthesis\UART2others.vg" completed
Processing netlist completed
Reading constraint file: "C:\Users\32875\Desktop\FPGA\example\UART2others\src\UART2others.cst"
Physical Constraint parsed completed
Running placement......
[10%] Placement Phase 0 completed
[20%] Placement Phase 1 completed
[30%] Placement Phase 2 completed
[50%] Placement Phase 3 completed
Running routing......
[60%] Routing Phase 0 completed
[70%] Routing Phase 1 completed
[80%] Routing Phase 2 completed
[90%] Routing Phase 3 completed
Running timing analysis......
[95%] Timing analysis completed
Placement and routing completed
Bitstream generation in progress......
Bitstream generation completed
Running power analysis......
[100%] Power analysis completed
Generate file "C:\Users\32875\Desktop\FPGA\example\UART2others\impl\pnr\UART2others.power.html" completed
Generate file "C:\Users\32875\Desktop\FPGA\example\UART2others\impl\pnr\UART2others.pin.html" completed
Generate file "C:\Users\32875\Desktop\FPGA\example\UART2others\impl\pnr\UART2others.rpt.html" completed
Generate file "C:\Users\32875\Desktop\FPGA\example\UART2others\impl\pnr\UART2others.rpt.txt" completed
Generate file "C:\Users\32875\Desktop\FPGA\example\UART2others\impl\pnr\UART2others.tr.html" completed
Sat Oct 18 13:41:08 2025

