GowinSynthesis start
Running parser ...
Analyzing Verilog file 'C:\Users\32875\Desktop\FPGA\example\UART2others\src\I2C_drive.v'
Analyzing Verilog file 'C:\Users\32875\Desktop\FPGA\example\UART2others\src\PWM_drive.v'
Analyzing Verilog file 'C:\Users\32875\Desktop\FPGA\example\UART2others\src\packet2IIC.v'
Analyzing Verilog file 'C:\Users\32875\Desktop\FPGA\example\UART2others\src\packet2PWM.v'
WARN  (EX3261) : Loop variable declaration is not allowed in this mode of Verilog("C:\Users\32875\Desktop\FPGA\example\UART2others\src\packet2PWM.v":120)
WARN  (EX3261) : Loop variable declaration is not allowed in this mode of Verilog("C:\Users\32875\Desktop\FPGA\example\UART2others\src\packet2PWM.v":127)
Analyzing Verilog file 'C:\Users\32875\Desktop\FPGA\example\UART2others\src\spi_master.v'
Analyzing Verilog file 'C:\Users\32875\Desktop\FPGA\example\UART2others\src\spi_top.v'
Analyzing Verilog file 'C:\Users\32875\Desktop\FPGA\example\UART2others\src\uart.v'
Analyzing Verilog file 'C:\Users\32875\Desktop\FPGA\example\UART2others\src\uart_byte_rx.v'
Analyzing Verilog file 'C:\Users\32875\Desktop\FPGA\example\UART2others\src\uart_byte_tx.v'
Analyzing Verilog file 'C:\Users\32875\Desktop\FPGA\example\UART2others\src\uart_data_tx.v'
Analyzing Verilog file 'C:\Users\32875\Desktop\FPGA\example\UART2others\src\uart_packet_rx.v'
Analyzing Verilog file 'C:\Users\32875\Desktop\FPGA\example\UART2others\src\uart_rx_packet_trans.v'
WARN  (EX3073) : Port 'spi_done' remains unconnected for this instance("C:\Users\32875\Desktop\FPGA\example\UART2others\src\uart.v":210)
Compiling module 'uart'("C:\Users\32875\Desktop\FPGA\example\UART2others\src\uart.v":1)
Compiling module 'uart_packet_rx'("C:\Users\32875\Desktop\FPGA\example\UART2others\src\uart_packet_rx.v":1)
Compiling module 'uart_byte_rx'("C:\Users\32875\Desktop\FPGA\example\UART2others\src\uart_byte_rx.v":1)
WARN  (EX3791) : Expression size 9 truncated to fit in target size 8("C:\Users\32875\Desktop\FPGA\example\UART2others\src\uart_packet_rx.v":74)
WARN  (EX3791) : Expression size 9 truncated to fit in target size 8("C:\Users\32875\Desktop\FPGA\example\UART2others\src\uart_packet_rx.v":93)
WARN  (EX3791) : Expression size 9 truncated to fit in target size 8("C:\Users\32875\Desktop\FPGA\example\UART2others\src\uart_packet_rx.v":98)
Compiling module 'uart_rx_packet_trans'("C:\Users\32875\Desktop\FPGA\example\UART2others\src\uart_rx_packet_trans.v":1)
WARN  (EX3791) : Expression size 32 truncated to fit in target size 8("C:\Users\32875\Desktop\FPGA\example\UART2others\src\uart.v":70)
WARN  (EX3791) : Expression size 200 truncated to fit in target size 128("C:\Users\32875\Desktop\FPGA\example\UART2others\src\uart.v":86)
WARN  (EX3791) : Expression size 32 truncated to fit in target size 8("C:\Users\32875\Desktop\FPGA\example\UART2others\src\uart.v":95)
Compiling module 'uart_data_tx(MAX_DATA_WIDTH=192,MSB_FIRST=1'b1)'("C:\Users\32875\Desktop\FPGA\example\UART2others\src\uart_data_tx.v":1)
Compiling module 'uart_byte_tx'("C:\Users\32875\Desktop\FPGA\example\UART2others\src\uart_byte_tx.v":1)
Compiling module 'packet2IIC'("C:\Users\32875\Desktop\FPGA\example\UART2others\src\packet2IIC.v":1)
WARN  (EX3791) : Expression size 32 truncated to fit in target size 8("C:\Users\32875\Desktop\FPGA\example\UART2others\src\packet2IIC.v":43)
WARN  (EX3791) : Expression size 32 truncated to fit in target size 8("C:\Users\32875\Desktop\FPGA\example\UART2others\src\packet2IIC.v":44)
WARN  (EX3791) : Expression size 32 truncated to fit in target size 8("C:\Users\32875\Desktop\FPGA\example\UART2others\src\packet2IIC.v":45)
WARN  (EX3791) : Expression size 32 truncated to fit in target size 8("C:\Users\32875\Desktop\FPGA\example\UART2others\src\packet2IIC.v":46)
WARN  (EX3791) : Expression size 32 truncated to fit in target size 8("C:\Users\32875\Desktop\FPGA\example\UART2others\src\packet2IIC.v":99)
WARN  (EX3791) : Expression size 200 truncated to fit in target size 128("C:\Users\32875\Desktop\FPGA\example\UART2others\src\packet2IIC.v":105)
Compiling module 'I2C_drive(CLK_FREQ=50000000,I2C_FREQ=100000,DATA_BYTE_NUM=16)'("C:\Users\32875\Desktop\FPGA\example\UART2others\src\I2C_drive.v":1)
WARN  (EX3791) : Expression size 10 truncated to fit in target size 9("C:\Users\32875\Desktop\FPGA\example\UART2others\src\I2C_drive.v":227)
WARN  (EX3791) : Expression size 5 truncated to fit in target size 4("C:\Users\32875\Desktop\FPGA\example\UART2others\src\I2C_drive.v":264)
WARN  (EX3791) : Expression size 5 truncated to fit in target size 4("C:\Users\32875\Desktop\FPGA\example\UART2others\src\I2C_drive.v":298)
WARN  (EX3791) : Expression size 32 truncated to fit in target size 4("C:\Users\32875\Desktop\FPGA\example\UART2others\src\I2C_drive.v":321)
WARN  (EX3791) : Expression size 32 truncated to fit in target size 4("C:\Users\32875\Desktop\FPGA\example\UART2others\src\I2C_drive.v":324)
Compiling module 'spi_top(CPOL=0,CPHA=0)'("C:\Users\32875\Desktop\FPGA\example\UART2others\src\spi_top.v":2)
WARN  (EX3791) : Expression size 9 truncated to fit in target size 8("C:\Users\32875\Desktop\FPGA\example\UART2others\src\spi_top.v":123)
Compiling module 'spi_modu(CLK_FREQ=50000000,SPI_FREQ=400000,BIT_NUM=8,CPOL=0,CPHA=0)'("C:\Users\32875\Desktop\FPGA\example\UART2others\src\spi_master.v":16)
WARN  (EX3791) : Expression size 3 truncated to fit in target size 2("C:\Users\32875\Desktop\FPGA\example\UART2others\src\spi_master.v":139)
WARN  (EX3791) : Expression size 4 truncated to fit in target size 3("C:\Users\32875\Desktop\FPGA\example\UART2others\src\spi_master.v":140)
WARN  (EX3791) : Expression size 5 truncated to fit in target size 4("C:\Users\32875\Desktop\FPGA\example\UART2others\src\spi_master.v":143)
WARN  (EX3791) : Expression size 5 truncated to fit in target size 4("C:\Users\32875\Desktop\FPGA\example\UART2others\src\spi_master.v":155)
Compiling module 'packet2PWM(MAX_RX_DATA_SIZE=25)'("C:\Users\32875\Desktop\FPGA\example\UART2others\src\packet2PWM.v":1)
Compiling module 'pwm_drive'("C:\Users\32875\Desktop\FPGA\example\UART2others\src\PWM_drive.v":1)
WARN  (EX3791) : Expression size 17 truncated to fit in target size 16("C:\Users\32875\Desktop\FPGA\example\UART2others\src\PWM_drive.v":27)
NOTE  (EX0101) : Current top module is "uart"
[5%] Running netlist conversion ...
Running device independent optimization ...
[10%] Optimizing Phase 0 completed
[15%] Optimizing Phase 1 completed
[25%] Optimizing Phase 2 completed
Running inference ...
[30%] Inferring Phase 0 completed
[40%] Inferring Phase 1 completed
[50%] Inferring Phase 2 completed
[55%] Inferring Phase 3 completed
Running technical mapping ...
[60%] Tech-Mapping Phase 0 completed
[65%] Tech-Mapping Phase 1 completed
[75%] Tech-Mapping Phase 2 completed
[80%] Tech-Mapping Phase 3 completed
[90%] Tech-Mapping Phase 4 completed
[95%] Generate netlist file "C:\Users\32875\Desktop\FPGA\example\UART2others\impl\gwsynthesis\UART2others.vg" completed
[100%] Generate report file "C:\Users\32875\Desktop\FPGA\example\UART2others\impl\gwsynthesis\UART2others_syn.rpt.html" completed
GowinSynthesis finish
