Reading netlist file: "C:\Users\32875\Desktop\FPGA\example\digital_measure\impl\gwsynthesis\digital_measure.vg"
Parsing netlist file "C:\Users\32875\Desktop\FPGA\example\digital_measure\impl\gwsynthesis\digital_measure.vg" completed
Processing netlist completed
Reading constraint file: "C:\Users\32875\Desktop\FPGA\example\digital_measure\src\digital_measure.cst"
Physical Constraint parsed completed
Running placement......
[10%] Placement Phase 0 completed
[20%] Placement Phase 1 completed
[30%] Placement Phase 2 completed
[50%] Placement Phase 3 completed
Running routing......
[60%] Routing Phase 0 completed
[70%] Routing Phase 1 completed
[80%] Routing Phase 2 completed
WARN  (PR1014) : Generic routing resource will be used to clock signal 'extern_clk_d' by the specified constraint. And then it may lead to the excessive delay or skew
[90%] Routing Phase 3 completed
Running timing analysis......
NOTE  (TA1125) : More than 32 critical paths are ignored because having large logic level.
[95%] Timing analysis completed
Placement and routing completed
Bitstream generation in progress......
Bitstream generation completed
Running power analysis......
[100%] Power analysis completed
Generate file "C:\Users\32875\Desktop\FPGA\example\digital_measure\impl\pnr\digital_measure.power.html" completed
Generate file "C:\Users\32875\Desktop\FPGA\example\digital_measure\impl\pnr\digital_measure.pin.html" completed
Generate file "C:\Users\32875\Desktop\FPGA\example\digital_measure\impl\pnr\digital_measure.rpt.html" completed
Generate file "C:\Users\32875\Desktop\FPGA\example\digital_measure\impl\pnr\digital_measure.rpt.txt" completed
Generate file "C:\Users\32875\Desktop\FPGA\example\digital_measure\impl\pnr\digital_measure.tr.html" completed
Sat Oct 18 23:10:21 2025

