GowinSynthesis start
Running parser ...
Analyzing Verilog file 'C:\Users\32875\Desktop\FPGA\example\digital_measure\src\digital_measure.v'
WARN  (EX3792) : Literal value 'd20 truncated to fit in 4 bits("C:\Users\32875\Desktop\FPGA\example\digital_measure\src\digital_measure.v":55)
WARN  (EX3792) : Literal value 'd20 truncated to fit in 4 bits("C:\Users\32875\Desktop\FPGA\example\digital_measure\src\digital_measure.v":57)
Analyzing Verilog file 'C:\Users\32875\Desktop\FPGA\example\digital_measure\src\digitial_measure_top.v'
Analyzing Verilog file 'C:\Users\32875\Desktop\FPGA\example\digital_measure\src\gowin_rpll\gowin_rpll.v'
Analyzing Verilog file 'C:\Users\32875\Desktop\FPGA\example\digital_measure\src\top.v'
Undeclared symbol 'uart_tx_data_size', assumed default net type 'wire'("C:\Users\32875\Desktop\FPGA\example\digital_measure\src\top.v":12)
Undeclared symbol 'uart_tx_data', assumed default net type 'wire'("C:\Users\32875\Desktop\FPGA\example\digital_measure\src\top.v":13)
Undeclared symbol 'uart_send_en', assumed default net type 'wire'("C:\Users\32875\Desktop\FPGA\example\digital_measure\src\top.v":14)
WARN  (EX3638) : 'uart_send_en' is already implicitly declared on line 14("C:\Users\32875\Desktop\FPGA\example\digital_measure\src\top.v":20)
WARN  (EX3638) : 'uart_tx_data' is already implicitly declared on line 13("C:\Users\32875\Desktop\FPGA\example\digital_measure\src\top.v":21)
WARN  (EX3638) : 'uart_tx_data_size' is already implicitly declared on line 12("C:\Users\32875\Desktop\FPGA\example\digital_measure\src\top.v":22)
Undeclared symbol 'PLL_200M', assumed default net type 'wire'("C:\Users\32875\Desktop\FPGA\example\digital_measure\src\top.v":54)
WARN  (EX3638) : 'PLL_200M' is already implicitly declared on line 54("C:\Users\32875\Desktop\FPGA\example\digital_measure\src\top.v":66)
WARN  (EX3801) : Parameter 'UART_BAUD' becomes localparam in 'top' with formal parameter declaration list("C:\Users\32875\Desktop\FPGA\example\digital_measure\src\top.v":17)
WARN  (EX3801) : Parameter 'MAX_TX_DATA_WIDTH' becomes localparam in 'top' with formal parameter declaration list("C:\Users\32875\Desktop\FPGA\example\digital_measure\src\top.v":18)
Analyzing Verilog file 'C:\Users\32875\Desktop\FPGA\example\digital_measure\src\uart_byte_tx.v'
Analyzing Verilog file 'C:\Users\32875\Desktop\FPGA\example\digital_measure\src\uart_data_tx.v'
Compiling module 'top'("C:\Users\32875\Desktop\FPGA\example\digital_measure\src\top.v":1)
Compiling module 'uart_data_tx(MAX_DATA_WIDTH=128,MSB_FIRST=1'b1)'("C:\Users\32875\Desktop\FPGA\example\digital_measure\src\uart_data_tx.v":1)
Compiling module 'uart_byte_tx'("C:\Users\32875\Desktop\FPGA\example\digital_measure\src\uart_byte_tx.v":1)
Compiling module 'cymometer_equal(CLK_FS=200000000)'("C:\Users\32875\Desktop\FPGA\example\digital_measure\src\digital_measure.v":1)
WARN  (EX3791) : Expression size 60 truncated to fit in target size 32("C:\Users\32875\Desktop\FPGA\example\digital_measure\src\digital_measure.v":179)
WARN  (EX3670) : Actual bit length 32 differs from formal bit length 16 for port 'GATE_TIME'("C:\Users\32875\Desktop\FPGA\example\digital_measure\src\top.v":57)
Compiling module 'Gowin_rPLL'("C:\Users\32875\Desktop\FPGA\example\digital_measure\src\gowin_rpll\gowin_rpll.v":10)
WARN  (EX1998) : Net 'extern_high_cycles[31]' does not have a driver("C:\Users\32875\Desktop\FPGA\example\digital_measure\src\top.v":45)
WARN  (EX1998) : Net 'extern_low_cycles[31]' does not have a driver("C:\Users\32875\Desktop\FPGA\example\digital_measure\src\top.v":46)
NOTE  (EX0101) : Current top module is "top"
WARN  (EX0211) : The output port "duty_permille[15]" of module "cymometer_equal(CLK_FS=200000000)" has no driver, assigning undriven bits to Z, simulation mismatch possible("C:\Users\32875\Desktop\FPGA\example\digital_measure\src\digital_measure.v":9)
WARN  (EX0211) : The output port "duty_permille[14]" of module "cymometer_equal(CLK_FS=200000000)" has no driver, assigning undriven bits to Z, simulation mismatch possible("C:\Users\32875\Desktop\FPGA\example\digital_measure\src\digital_measure.v":9)
WARN  (EX0211) : The output port "duty_permille[13]" of module "cymometer_equal(CLK_FS=200000000)" has no driver, assigning undriven bits to Z, simulation mismatch possible("C:\Users\32875\Desktop\FPGA\example\digital_measure\src\digital_measure.v":9)
WARN  (EX0211) : The output port "duty_permille[12]" of module "cymometer_equal(CLK_FS=200000000)" has no driver, assigning undriven bits to Z, simulation mismatch possible("C:\Users\32875\Desktop\FPGA\example\digital_measure\src\digital_measure.v":9)
WARN  (EX0211) : The output port "duty_permille[11]" of module "cymometer_equal(CLK_FS=200000000)" has no driver, assigning undriven bits to Z, simulation mismatch possible("C:\Users\32875\Desktop\FPGA\example\digital_measure\src\digital_measure.v":9)
WARN  (EX0211) : The output port "duty_permille[10]" of module "cymometer_equal(CLK_FS=200000000)" has no driver, assigning undriven bits to Z, simulation mismatch possible("C:\Users\32875\Desktop\FPGA\example\digital_measure\src\digital_measure.v":9)
WARN  (EX0211) : The output port "duty_permille[9]" of module "cymometer_equal(CLK_FS=200000000)" has no driver, assigning undriven bits to Z, simulation mismatch possible("C:\Users\32875\Desktop\FPGA\example\digital_measure\src\digital_measure.v":9)
WARN  (EX0211) : The output port "duty_permille[8]" of module "cymometer_equal(CLK_FS=200000000)" has no driver, assigning undriven bits to Z, simulation mismatch possible("C:\Users\32875\Desktop\FPGA\example\digital_measure\src\digital_measure.v":9)
WARN  (EX0211) : The output port "duty_permille[7]" of module "cymometer_equal(CLK_FS=200000000)" has no driver, assigning undriven bits to Z, simulation mismatch possible("C:\Users\32875\Desktop\FPGA\example\digital_measure\src\digital_measure.v":9)
WARN  (EX0211) : The output port "duty_permille[6]" of module "cymometer_equal(CLK_FS=200000000)" has no driver, assigning undriven bits to Z, simulation mismatch possible("C:\Users\32875\Desktop\FPGA\example\digital_measure\src\digital_measure.v":9)
WARN  (EX0211) : The output port "duty_permille[5]" of module "cymometer_equal(CLK_FS=200000000)" has no driver, assigning undriven bits to Z, simulation mismatch possible("C:\Users\32875\Desktop\FPGA\example\digital_measure\src\digital_measure.v":9)
WARN  (EX0211) : The output port "duty_permille[4]" of module "cymometer_equal(CLK_FS=200000000)" has no driver, assigning undriven bits to Z, simulation mismatch possible("C:\Users\32875\Desktop\FPGA\example\digital_measure\src\digital_measure.v":9)
WARN  (EX0211) : The output port "duty_permille[3]" of module "cymometer_equal(CLK_FS=200000000)" has no driver, assigning undriven bits to Z, simulation mismatch possible("C:\Users\32875\Desktop\FPGA\example\digital_measure\src\digital_measure.v":9)
WARN  (EX0211) : The output port "duty_permille[2]" of module "cymometer_equal(CLK_FS=200000000)" has no driver, assigning undriven bits to Z, simulation mismatch possible("C:\Users\32875\Desktop\FPGA\example\digital_measure\src\digital_measure.v":9)
WARN  (EX0211) : The output port "duty_permille[1]" of module "cymometer_equal(CLK_FS=200000000)" has no driver, assigning undriven bits to Z, simulation mismatch possible("C:\Users\32875\Desktop\FPGA\example\digital_measure\src\digital_measure.v":9)
WARN  (EX0211) : The output port "duty_permille[0]" of module "cymometer_equal(CLK_FS=200000000)" has no driver, assigning undriven bits to Z, simulation mismatch possible("C:\Users\32875\Desktop\FPGA\example\digital_measure\src\digital_measure.v":9)
[5%] Running netlist conversion ...
Running device independent optimization ...
[10%] Optimizing Phase 0 completed
[15%] Optimizing Phase 1 completed
[25%] Optimizing Phase 2 completed
Running inference ...
[30%] Inferring Phase 0 completed
[40%] Inferring Phase 1 completed
[50%] Inferring Phase 2 completed
[55%] Inferring Phase 3 completed
Running technical mapping ...
[60%] Tech-Mapping Phase 0 completed
[65%] Tech-Mapping Phase 1 completed
[75%] Tech-Mapping Phase 2 completed
[80%] Tech-Mapping Phase 3 completed
[90%] Tech-Mapping Phase 4 completed
[95%] Generate netlist file "C:\Users\32875\Desktop\FPGA\example\digital_measure\impl\gwsynthesis\digital_measure.vg" completed
NOTE  (TA1125) : More than 32 critical paths are ignored because having large logic level.
[100%] Generate report file "C:\Users\32875\Desktop\FPGA\example\digital_measure\impl\gwsynthesis\digital_measure_syn.rpt.html" completed
GowinSynthesis finish
