Reading netlist file: "C:\Users\WangSX\Desktop\ACG525_ADC_DAC\ACG525_ADC_DAC\impl\gwsynthesis\ACG525_ADC_DAC.vg"
Parsing netlist file "C:\Users\WangSX\Desktop\ACG525_ADC_DAC\ACG525_ADC_DAC\impl\gwsynthesis\ACG525_ADC_DAC.vg" completed
Processing netlist completed
Reading constraint file: "C:\Users\WangSX\Desktop\ACG525_ADC_DAC\ACG525_ADC_DAC\src\ACG525_ADC_DAC.cst"
Physical Constraint parsed completed
Running placement......
[10%] Placement Phase 0 completed
[20%] Placement Phase 1 completed
[30%] Placement Phase 2 completed
[50%] Placement Phase 3 completed
Running routing......
[60%] Routing Phase 0 completed
[70%] Routing Phase 1 completed
[80%] Routing Phase 2 completed
[90%] Routing Phase 3 completed
Running timing analysis......
[95%] Timing analysis completed
Placement and routing completed
Bitstream generation in progress......
Bitstream generation completed
Running power analysis......
[100%] Power analysis completed
Generate file "C:\Users\WangSX\Desktop\ACG525_ADC_DAC\ACG525_ADC_DAC\impl\pnr\ACG525_ADC_DAC.power.html" completed
Generate file "C:\Users\WangSX\Desktop\ACG525_ADC_DAC\ACG525_ADC_DAC\impl\pnr\ACG525_ADC_DAC.pin.html" completed
Generate file "C:\Users\WangSX\Desktop\ACG525_ADC_DAC\ACG525_ADC_DAC\impl\pnr\ACG525_ADC_DAC.rpt.html" completed
Generate file "C:\Users\WangSX\Desktop\ACG525_ADC_DAC\ACG525_ADC_DAC\impl\pnr\ACG525_ADC_DAC.rpt.txt" completed
Generate file "C:\Users\WangSX\Desktop\ACG525_ADC_DAC\ACG525_ADC_DAC\impl\pnr\ACG525_ADC_DAC.tr.html" completed
Tue Oct  7 19:08:48 2025

